[preview.colorlib.com/theme/vegefoods/index.html]
[backblue.gif]
[fade.gif]
[index.html]
[preview.colorlib.com/theme/vegefoods/css/open-iconic-bootstrap.min.css]
[preview.colorlib.com/theme/vegefoods/css/animate.css]
[preview.colorlib.com/theme/vegefoods/css/owl.carousel.min.css]
[preview.colorlib.com/theme/vegefoods/css/owl.theme.default.min.css]
[preview.colorlib.com/theme/vegefoods/css/magnific-popup.css]
[preview.colorlib.com/theme/vegefoods/css/aos.css]
[preview.colorlib.com/theme/vegefoods/css/ionicons.min.css]
[preview.colorlib.com/theme/vegefoods/css/bootstrap-datepicker.css]
[preview.colorlib.com/theme/vegefoods/css/jquery.timepicker.css]
[preview.colorlib.com/theme/vegefoods/css/flaticon.css]
[preview.colorlib.com/theme/vegefoods/css/icomoon.css]
[preview.colorlib.com/theme/vegefoods/css/style.css]
[preview.colorlib.com/theme/vegefoods/shop.html]
[preview.colorlib.com/theme/vegefoods/wishlist.html]
[preview.colorlib.com/theme/vegefoods/product-single.html]
[preview.colorlib.com/theme/vegefoods/cart.html]
[preview.colorlib.com/theme/vegefoods/checkout.html]
[preview.colorlib.com/theme/vegefoods/about.html]
[preview.colorlib.com/theme/vegefoods/blog.html]
[preview.colorlib.com/theme/vegefoods/contact.html]
[preview.colorlib.com/theme/vegefoods/images/bg_1.jpg]
[preview.colorlib.com/theme/vegefoods/images/bg_2.jpg]
[preview.colorlib.com/theme/vegefoods/images/category.jpg]
[preview.colorlib.com/theme/vegefoods/images/category-1.jpg]
[preview.colorlib.com/theme/vegefoods/images/category-2.jpg]
[preview.colorlib.com/theme/vegefoods/images/category-3.jpg]
[preview.colorlib.com/theme/vegefoods/images/category-4.jpg]
[preview.colorlib.com/theme/vegefoods/images/product-1.jpg]
[preview.colorlib.com/theme/vegefoods/images/product-2.jpg]
[preview.colorlib.com/theme/vegefoods/images/product-3.jpg]
[preview.colorlib.com/theme/vegefoods/images/product-4.jpg]
[preview.colorlib.com/theme/vegefoods/images/product-5.jpg]
[preview.colorlib.com/theme/vegefoods/images/product-6.jpg]
[preview.colorlib.com/theme/vegefoods/images/product-7.jpg]
[preview.colorlib.com/theme/vegefoods/images/product-8.jpg]
[preview.colorlib.com/theme/vegefoods/images/bg_3.jpg]
[preview.colorlib.com/theme/vegefoods/images/person_1.jpg]
[preview.colorlib.com/theme/vegefoods/images/person_2.jpg]
[preview.colorlib.com/theme/vegefoods/images/person_3.jpg]
[preview.colorlib.com/theme/vegefoods/images/partner-1.png]
[preview.colorlib.com/theme/vegefoods/images/partner-2.png]
[preview.colorlib.com/theme/vegefoods/images/partner-3.png]
[preview.colorlib.com/theme/vegefoods/images/partner-4.png]
[preview.colorlib.com/theme/vegefoods/images/partner-5.png]
[preview.colorlib.com/cdn-cgi/scripts/5c5dd728/cloudflare-static/email-decode.min.js]
[preview.colorlib.com/theme/vegefoods/js/jquery.min.js]
[preview.colorlib.com/theme/vegefoods/js/jquery-migrate-3.0.1.min.js]
[preview.colorlib.com/theme/vegefoods/js/popper.min.js]
[preview.colorlib.com/theme/vegefoods/js/bootstrap.min.js]
[preview.colorlib.com/theme/vegefoods/js/jquery.easing.1.3.js]
[preview.colorlib.com/theme/vegefoods/js/jquery.waypoints.min.js]
[preview.colorlib.com/theme/vegefoods/js/jquery.stellar.min.js]
[preview.colorlib.com/theme/vegefoods/js/owl.carousel.min.js]
[preview.colorlib.com/theme/vegefoods/js/jquery.magnific-popup.min.js]
[preview.colorlib.com/theme/vegefoods/js/aos.js]
[preview.colorlib.com/theme/vegefoods/js/jquery.animateNumber.min.js]
[preview.colorlib.com/theme/vegefoods/js/bootstrap-datepicker.js]
[preview.colorlib.com/theme/vegefoods/js/scrollax.min.js]
[preview.colorlib.com/theme/vegefoods/js/google-map.js]
[preview.colorlib.com/theme/vegefoods/index.html]
[preview.colorlib.com/theme/vegefoods/js/main.js]
[preview.colorlib.com/theme/vegefoods/fonts/open-iconic/open-iconic.eot]
[preview.colorlib.com/theme/vegefoods/fonts/open-iconic/open-iconicd41d.eot]
[preview.colorlib.com/theme/vegefoods/fonts/open-iconic/open-iconic.woff]
[preview.colorlib.com/theme/vegefoods/fonts/open-iconic/open-iconic.ttf]
[preview.colorlib.com/theme/vegefoods/fonts/open-iconic/open-iconic.otf]
[preview.colorlib.com/theme/vegefoods/css/open-iconic-bootstrap.min.css]
[preview.colorlib.com/theme/vegefoods/css/animate.css]
[preview.colorlib.com/theme/vegefoods/fonts/open-iconic/open-iconic.svg]
[preview.colorlib.com/theme/vegefoods/css/owl.video.play.png]
[preview.colorlib.com/theme/vegefoods/css/owl.carousel.min.css]
[preview.colorlib.com/theme/vegefoods/css/owl.theme.default.min.css]
[preview.colorlib.com/theme/vegefoods/css/magnific-popup.css]
[preview.colorlib.com/theme/vegefoods/css/aos.css]
[preview.colorlib.com/theme/vegefoods/fonts/ionicons/fonts/ionicons580c.eot]
[preview.colorlib.com/theme/vegefoods/fonts/ionicons/fonts/ionicons580c.woff2]
[preview.colorlib.com/theme/vegefoods/fonts/ionicons/fonts/ionicons580c.woff]
[preview.colorlib.com/theme/vegefoods/fonts/ionicons/fonts/ionicons580c.ttf]
[preview.colorlib.com/theme/vegefoods/css/ionicons.min.css]
[preview.colorlib.com/theme/vegefoods/css/bootstrap-datepicker.css]
[preview.colorlib.com/theme/vegefoods/css/jquery.timepicker.css]
[preview.colorlib.com/theme/vegefoods/fonts/ionicons/fonts/ionicons580c.svg]
[preview.colorlib.com/theme/vegefoods/fonts/flaticon/font/Flaticon.eot]
[preview.colorlib.com/theme/vegefoods/fonts/flaticon/font/Flaticond41d.eot]
[preview.colorlib.com/theme/vegefoods/fonts/flaticon/font/Flaticon.woff]
[preview.colorlib.com/theme/vegefoods/fonts/flaticon/font/Flaticon.ttf]
[preview.colorlib.com/theme/vegefoods/css/flaticon.css]
[preview.colorlib.com/theme/vegefoods/fonts/flaticon/font/Flaticon.svg]
[preview.colorlib.com/theme/vegefoods/fonts/icomoon/icomoonccfb.eot]
[preview.colorlib.com/theme/vegefoods/fonts/icomoon/icomoonccfb.ttf]
[preview.colorlib.com/theme/vegefoods/fonts/icomoon/icomoonccfb.woff]
[preview.colorlib.com/theme/vegefoods/css/icomoon.css]
[preview.colorlib.com/theme/vegefoods/css/style.css]
[preview.colorlib.com/theme/vegefoods/fonts/icomoon/icomoonccfb.svg]
[preview.colorlib.com/theme/vegefoods/images/product-9.jpg]
[preview.colorlib.com/theme/vegefoods/images/product-10.jpg]
[preview.colorlib.com/theme/vegefoods/images/product-11.jpg]
[preview.colorlib.com/theme/vegefoods/images/product-12.jpg]
[preview.colorlib.com/theme/vegefoods/shop.html]
[preview.colorlib.com/theme/vegefoods/wishlist.html]
[preview.colorlib.com/theme/vegefoods/product-single.html]
[preview.colorlib.com/theme/vegefoods/cart.html]
[preview.colorlib.com/theme/vegefoods/checkout.html]
[preview.colorlib.com/theme/vegefoods/images/about.jpg]
[preview.colorlib.com/theme/vegefoods/about.html]
[preview.colorlib.com/theme/vegefoods/blog-single.html]
[preview.colorlib.com/theme/vegefoods/images/image_1.jpg]
[preview.colorlib.com/theme/vegefoods/images/image_2.jpg]
[preview.colorlib.com/theme/vegefoods/images/image_3.jpg]
[preview.colorlib.com/theme/vegefoods/images/image_4.jpg]
[preview.colorlib.com/theme/vegefoods/images/image_5.jpg]
[preview.colorlib.com/theme/vegefoods/images/image_6.jpg]
[preview.colorlib.com/theme/vegefoods/blog.html]
[preview.colorlib.com/theme/vegefoods/contact.html]
[preview.colorlib.com/theme/vegefoods/fonts/open-iconic/open-iconic.svg]
[preview.colorlib.com/theme/vegefoods/css/owl.video.play.html]
[preview.colorlib.com/theme/vegefoods/fonts/ionicons/fonts/ionicons580c.svg]
[preview.colorlib.com/theme/vegefoods/fonts/flaticon/font/Flaticon.svg]
[static.cloudflareinsights.com/beacon.min.js]
[preview.colorlib.com/theme/vegefoods/fonts/icomoon/icomoonccfb.svg]
[preview.colorlib.com/theme/vegefoods/blog-single.html]
